<?xml version="1.0" encoding="UTF-8"?>
<testng-results ignored="0" total="1" passed="0" failed="1" skipped="0">
  <reporter-output>
  </reporter-output>
  <suite started-at="2022-06-21T11:56:20 IST" name="Default suite" finished-at="2022-06-21T11:56:51 IST" duration-ms="31635">
    <groups>
      <group name="regressionTest">
        <method signature="CreateCampaignsUsingVendorNameTest.CreateCampaignsUsingVendorNameTest()[pri:0, instance:com.com.Campaigns.CreateCampaignsUsingVendorNameTest@4dbb42b7]" name="CreateCampaignsUsingVendorNameTest" class="com.com.Campaigns.CreateCampaignsUsingVendorNameTest"/>
      </group> <!-- regressionTest -->
    </groups>
    <test started-at="2022-06-21T11:56:20 IST" name="Default test" finished-at="2022-06-21T11:56:51 IST" duration-ms="31635">
      <class name="com.com.Campaigns.CreateCampaignsUsingVendorNameTest">
        <test-method is-config="true" signature="dbCongig()[pri:0, instance:com.com.Campaigns.CreateCampaignsUsingVendorNameTest@4dbb42b7]" started-at="2022-06-21T11:56:20 IST" name="dbCongig" finished-at="2022-06-21T11:56:20 IST" duration-ms="15" status="PASS">
          <reporter-output>
          </reporter-output>
        </test-method> <!-- dbCongig -->
        <test-method is-config="true" signature="launchTheBrowser()[pri:0, instance:com.com.Campaigns.CreateCampaignsUsingVendorNameTest@4dbb42b7]" started-at="2022-06-21T11:56:20 IST" name="launchTheBrowser" finished-at="2022-06-21T11:56:34 IST" duration-ms="13884" status="PASS">
          <reporter-output>
          </reporter-output>
        </test-method> <!-- launchTheBrowser -->
        <test-method is-config="true" signature="loginToAppLn()[pri:0, instance:com.com.Campaigns.CreateCampaignsUsingVendorNameTest@4dbb42b7]" started-at="2022-06-21T11:56:34 IST" name="loginToAppLn" finished-at="2022-06-21T11:56:39 IST" duration-ms="5496" status="PASS">
          <reporter-output>
          </reporter-output>
        </test-method> <!-- loginToAppLn -->
        <test-method signature="CreateCampaignsUsingVendorNameTest()[pri:0, instance:com.com.Campaigns.CreateCampaignsUsingVendorNameTest@4dbb42b7]" started-at="2022-06-21T11:56:39 IST" name="CreateCampaignsUsingVendorNameTest" finished-at="2022-06-21T11:56:39 IST" duration-ms="14" status="FAIL">
          <exception class="java.lang.Error">
            <message>
              <![CDATA[Unresolved compilation problems: 
WebDriver cannot be resolved to a type
WebDriver cannot be resolved to a type
WebDriver cannot be resolved to a type
WebDriver cannot be resolved to a type
WebDriver cannot be resolved to a type
WebDriver cannot be resolved to a type
WebElement cannot be resolved to a type
The method LnkCampaignInfo() from the type CampaignInfoPage refers to the missing type WebElement
]]>
            </message>
            <full-stacktrace>
              <![CDATA[java.lang.Error: Unresolved compilation problems: 
WebDriver cannot be resolved to a type
WebDriver cannot be resolved to a type
WebDriver cannot be resolved to a type
WebDriver cannot be resolved to a type
WebDriver cannot be resolved to a type
WebDriver cannot be resolved to a type
WebElement cannot be resolved to a type
The method LnkCampaignInfo() from the type CampaignInfoPage refers to the missing type WebElement

at com.com.Campaigns.CreateCampaignsUsingVendorNameTest.CreateCampaignsUsingVendorNameTest(CreateCampaignsUsingVendorNameTest.java:48)
at java.base/jdk.internal.reflect.NativeMethodAccessorImpl.invoke0(Native Method)
at java.base/jdk.internal.reflect.NativeMethodAccessorImpl.invoke(NativeMethodAccessorImpl.java:78)
at java.base/jdk.internal.reflect.DelegatingMethodAccessorImpl.invoke(DelegatingMethodAccessorImpl.java:43)
at java.base/java.lang.reflect.Method.invoke(Method.java:567)
at org.testng.internal.MethodInvocationHelper.invokeMethod(MethodInvocationHelper.java:133)
at org.testng.internal.TestInvoker.invokeMethod(TestInvoker.java:598)
at org.testng.internal.TestInvoker.invokeTestMethod(TestInvoker.java:173)
at org.testng.internal.MethodRunner.runInSequence(MethodRunner.java:46)
at org.testng.internal.TestInvoker$MethodInvocationAgent.invoke(TestInvoker.java:824)
at org.testng.internal.TestInvoker.invokeTestMethods(TestInvoker.java:146)
at org.testng.internal.TestMethodWorker.invokeTestMethods(TestMethodWorker.java:146)
at org.testng.internal.TestMethodWorker.run(TestMethodWorker.java:128)
at java.base/java.util.ArrayList.forEach(ArrayList.java:1511)
at org.testng.TestRunner.privateRun(TestRunner.java:794)
at org.testng.TestRunner.run(TestRunner.java:596)
at org.testng.SuiteRunner.runTest(SuiteRunner.java:377)
at org.testng.SuiteRunner.runSequentially(SuiteRunner.java:371)
at org.testng.SuiteRunner.privateRun(SuiteRunner.java:332)
at org.testng.SuiteRunner.run(SuiteRunner.java:276)
at org.testng.SuiteRunnerWorker.runSuite(SuiteRunnerWorker.java:53)
at org.testng.SuiteRunnerWorker.run(SuiteRunnerWorker.java:96)
at org.testng.TestNG.runSuitesSequentially(TestNG.java:1212)
at org.testng.TestNG.runSuitesLocally(TestNG.java:1134)
at org.testng.TestNG.runSuites(TestNG.java:1063)
at org.testng.TestNG.run(TestNG.java:1031)
at org.testng.remote.AbstractRemoteTestNG.run(AbstractRemoteTestNG.java:115)
at org.testng.remote.RemoteTestNG.initAndRun(RemoteTestNG.java:251)
at org.testng.remote.RemoteTestNG.main(RemoteTestNG.java:77)
]]>
            </full-stacktrace>
          </exception> <!-- java.lang.Error -->
          <reporter-output>
          </reporter-output>
        </test-method> <!-- CreateCampaignsUsingVendorNameTest -->
        <test-method is-config="true" signature="logOutFromApp()[pri:0, instance:com.com.Campaigns.CreateCampaignsUsingVendorNameTest@4dbb42b7]" started-at="2022-06-21T11:56:39 IST" name="logOutFromApp" finished-at="2022-06-21T11:56:47 IST" duration-ms="7945" status="PASS">
          <reporter-output>
          </reporter-output>
        </test-method> <!-- logOutFromApp -->
        <test-method is-config="true" signature="closeBrowser()[pri:0, instance:com.com.Campaigns.CreateCampaignsUsingVendorNameTest@4dbb42b7]" started-at="2022-06-21T11:56:47 IST" name="closeBrowser" finished-at="2022-06-21T11:56:51 IST" duration-ms="4199" status="PASS">
          <reporter-output>
          </reporter-output>
        </test-method> <!-- closeBrowser -->
        <test-method is-config="true" signature="coseDbConfig()[pri:0, instance:com.com.Campaigns.CreateCampaignsUsingVendorNameTest@4dbb42b7]" started-at="2022-06-21T11:56:51 IST" name="coseDbConfig" finished-at="2022-06-21T11:56:51 IST" duration-ms="0" status="PASS">
          <reporter-output>
          </reporter-output>
        </test-method> <!-- coseDbConfig -->
      </class> <!-- com.com.Campaigns.CreateCampaignsUsingVendorNameTest -->
    </test> <!-- Default test -->
  </suite> <!-- Default suite -->
</testng-results>
