<?xml version="1.0" encoding="UTF-8"?>
<!-- Generated by org.testng.reporters.JUnitXMLReporter -->
<testsuite ignored="2" hostname="DESKTOP-T8H87ST" failures="0" tests="2" name="Test2" time="84.251" errors="0" timestamp="2022-06-15T14:18:03 IST">
  <testcase classname="com.com.assignment.CreatingOrganisationWithShippingAddresTest" name="CreatingOrganisationWithShippingAddresTest" time="14.213"/>
  <testcase classname="com.com.Campaigns.CreateCampaignsUsingVendorNameTest" name="CreateCampaignsUsingVendorNameTest" time="25.578"/>
  <testcase classname="genericUtilities.BaseClass" name="@BeforeSuite dbCongig" time="0.0">
    <ignored/>
  </testcase> <!-- @BeforeSuite dbCongig -->
  <testcase classname="genericUtilities.BaseClass" name="@AfterSuite coseDbConfig" time="0.0">
    <ignored/>
  </testcase> <!-- @AfterSuite coseDbConfig -->
</testsuite> <!-- Test2 -->
