<?xml version="1.0" encoding="UTF-8"?>
<!-- Generated by org.testng.reporters.JUnitXMLReporter -->
<testsuite ignored="0" hostname="DESKTOP-T8H87ST" failures="1" tests="4" name="Test" time="146.664" errors="0" timestamp="2022-06-16T16:04:20 IST">
  <testcase classname="com.com.assignment.CreateOrganisationWithShippingaddresEnabledOrNotTest" name="CreateOrganisationWithShippingaddresEnabledOrNotTest" time="20.318">
    <skipped/>
  </testcase> <!-- CreateOrganisationWithShippingaddresEnabledOrNotTest -->
  <testcase classname="com.com.assignment.CreateOrganisationWithShippingaddresEnabledOrNotTest" name="CreateOrganisationWithShippingaddresEnabledOrNotTest" time="20.216">
    <skipped/>
  </testcase> <!-- CreateOrganisationWithShippingaddresEnabledOrNotTest -->
  <testcase classname="com.com.assignment.CreateOrganisationWithShippingaddresEnabledOrNotTest" name="CreateOrganisationWithShippingaddresEnabledOrNotTest" time="14.881">
    <skipped/>
  </testcase> <!-- CreateOrganisationWithShippingaddresEnabledOrNotTest -->
  <testcase classname="com.com.assignment.CreateOrganisationWithShippingaddresEnabledOrNotTest" name="CreateOrganisationWithShippingaddresEnabledOrNotTest" time="16.719">
    <failure type="java.lang.AssertionError" message="null">
      <![CDATA[java.lang.AssertionError: null
at com.com.assignment.CreateOrganisationWithShippingaddresEnabledOrNotTest.CreateOrganisationWithShippingaddresEnabledOrNotTest(CreateOrganisationWithShippingaddresEnabledOrNotTest.java:48)
at java.base/java.util.ArrayList.forEach(ArrayList.java:1511)
... Removed 29 stack frames]]>
    </failure>
  </testcase> <!-- CreateOrganisationWithShippingaddresEnabledOrNotTest -->
</testsuite> <!-- Test -->
